<?xml version="1.0" encoding="UTF-8"?>
<!-- Generated by org.testng.reporters.JUnitXMLReporter -->
<testsuite hostname="VAIO" ignored="0" name="Surefire test" tests="1" failures="1" timestamp="2021-02-16T19:05:02 CAT" time="11.763" errors="0">
  <testcase name="DemoTestToBeReviewed" time="0.033" classname="tests.DemoTest">
    <failure type="java.lang.NullPointerException">
      <![CDATA[java.lang.NullPointerException
at tests.DemoTest.DemoTestToBeReviewed(DemoTest.java:24)
at java.util.ArrayList.forEach(ArrayList.java:1259)
... Removed 32 stack frames]]>
    </failure>
  </testcase> <!-- DemoTestToBeReviewed -->
</testsuite> <!-- Surefire test -->
