<?xml version="1.0" encoding="UTF-8"?>
<!-- Generated by org.testng.reporters.JUnitXMLReporter -->
<testsuite hostname="VAIO" ignored="2" name="Funtional Testing" tests="5" failures="0" timestamp="2021-02-21T16:37:14 CAT" time="0.427" errors="0">
  <testcase name="@AfterTest teardown" time="0.002" classname="browser.BaseClass">
    <failure type="java.lang.NullPointerException">
      <![CDATA[java.lang.NullPointerException
at browser.BaseClass.teardown(BaseClass.java:68)
... Removed 28 stack frames]]>
    </failure>
  </testcase> <!-- @AfterTest teardown -->
  <testcase name="DemoTestToBeReviewed" time="0.029" classname="tests.HomePageLoggedOutTest"/>
  <testcase name="CompletedTable" time="0.098" classname="tests.UserLoggedInTest"/>
  <testcase name="TestUserCanLogin" time="0.098" classname="tests.loginTest"/>
  <testcase name="CurrentTable" time="0.001" classname="tests.UserLoggedInTest"/>
  <testcase name="ToBeReviewedTable" time="0.002" classname="tests.UserLoggedInTest"/>
  <testcase name="@AfterTest teardown" time="0.0" classname="browser.BaseClass">
    <ignored/>
  </testcase> <!-- @AfterTest teardown -->
  <testcase name="@AfterTest teardown" time="0.0" classname="browser.BaseClass">
    <ignored/>
  </testcase> <!-- @AfterTest teardown -->
</testsuite> <!-- Funtional Testing -->
