<?xml version="1.0" encoding="UTF-8"?>
<testng-results skipped="0" failed="0" ignored="2" total="7" passed="5">
  <reporter-output>
  </reporter-output>
  <suite name="UI Tests" duration-ms="427" started-at="2021-02-21T16:37:14 CAT" finished-at="2021-02-21T16:37:14 CAT">
    <groups>
      <group name="regression">
        <method signature="HomePageLoggedOutTest.DemoTestToBeReviewed()[pri:1, instance:tests.HomePageLoggedOutTest@1877ab81]" name="DemoTestToBeReviewed" class="tests.HomePageLoggedOutTest"/>
      </group> <!-- regression -->
    </groups>
    <test name="Funtional Testing" duration-ms="427" started-at="2021-02-21T16:37:14 CAT" finished-at="2021-02-21T16:37:14 CAT">
      <class name="tests.loginTest">
        <test-method status="PASS" signature="methodLevelSetup()[pri:0, instance:tests.loginTest@4232c52b]" name="methodLevelSetup" is-config="true" duration-ms="24" started-at="2021-02-21T16:37:14 CAT" finished-at="2021-02-21T16:37:14 CAT">
          <reporter-output>
          </reporter-output>
        </test-method> <!-- methodLevelSetup -->
        <test-method status="PASS" signature="TestUserCanLogin()[pri:0, instance:tests.loginTest@4232c52b]" name="TestUserCanLogin" duration-ms="98" started-at="2021-02-21T16:37:14 CAT" finished-at="2021-02-21T16:37:14 CAT">
          <reporter-output>
          </reporter-output>
        </test-method> <!-- TestUserCanLogin -->
        <test-method status="FAIL" signature="teardown()[pri:0, instance:tests.loginTest@4232c52b]" name="teardown" is-config="true" duration-ms="2" started-at="2021-02-21T16:37:14 CAT" finished-at="2021-02-21T16:37:14 CAT">
          <exception class="java.lang.NullPointerException">
            <full-stacktrace>
              <![CDATA[java.lang.NullPointerException
at browser.BaseClass.teardown(BaseClass.java:68)
at sun.reflect.NativeMethodAccessorImpl.invoke0(Native Method)
at sun.reflect.NativeMethodAccessorImpl.invoke(NativeMethodAccessorImpl.java:62)
at sun.reflect.DelegatingMethodAccessorImpl.invoke(DelegatingMethodAccessorImpl.java:43)
at java.lang.reflect.Method.invoke(Method.java:498)
at org.testng.internal.MethodInvocationHelper.invokeMethod(MethodInvocationHelper.java:132)
at org.testng.internal.MethodInvocationHelper.invokeMethodConsideringTimeout(MethodInvocationHelper.java:61)
at org.testng.internal.ConfigInvoker.invokeConfigurationMethod(ConfigInvoker.java:366)
at org.testng.internal.ConfigInvoker.invokeConfigurations(ConfigInvoker.java:320)
at org.testng.TestRunner.invokeTestConfigurations(TestRunner.java:617)
at org.testng.TestRunner.afterRun(TestRunner.java:847)
at org.testng.TestRunner.run(TestRunner.java:588)
at org.testng.SuiteRunner.runTest(SuiteRunner.java:384)
at org.testng.SuiteRunner.runSequentially(SuiteRunner.java:378)
at org.testng.SuiteRunner.privateRun(SuiteRunner.java:337)
at org.testng.SuiteRunner.run(SuiteRunner.java:286)
at org.testng.SuiteRunnerWorker.runSuite(SuiteRunnerWorker.java:53)
at org.testng.SuiteRunnerWorker.run(SuiteRunnerWorker.java:96)
at org.testng.TestNG.runSuitesSequentially(TestNG.java:1218)
at org.testng.TestNG.runSuitesLocally(TestNG.java:1140)
at org.testng.TestNG.runSuites(TestNG.java:1069)
at org.testng.TestNG.run(TestNG.java:1037)
at org.apache.maven.surefire.testng.TestNGExecutor.run(TestNGExecutor.java:284)
at org.apache.maven.surefire.testng.TestNGXmlTestSuite.execute(TestNGXmlTestSuite.java:75)
at org.apache.maven.surefire.testng.TestNGProvider.invoke(TestNGProvider.java:119)
at org.apache.maven.surefire.booter.ForkedBooter.runSuitesInProcess(ForkedBooter.java:428)
at org.apache.maven.surefire.booter.ForkedBooter.execute(ForkedBooter.java:162)
at org.apache.maven.surefire.booter.ForkedBooter.run(ForkedBooter.java:562)
at org.apache.maven.surefire.booter.ForkedBooter.main(ForkedBooter.java:548)
]]>
            </full-stacktrace>
          </exception> <!-- java.lang.NullPointerException -->
          <reporter-output>
          </reporter-output>
        </test-method> <!-- teardown -->
      </class> <!-- tests.loginTest -->
      <class name="tests.UserLoggedInTest">
        <test-method status="PASS" signature="methodLevelSetup()[pri:0, instance:tests.UserLoggedInTest@305fd85d]" name="methodLevelSetup" is-config="true" duration-ms="24" started-at="2021-02-21T16:37:14 CAT" finished-at="2021-02-21T16:37:14 CAT">
          <reporter-output>
          </reporter-output>
        </test-method> <!-- methodLevelSetup -->
        <test-method status="PASS" signature="CompletedTable()[pri:0, instance:tests.UserLoggedInTest@305fd85d]" name="CompletedTable" duration-ms="98" started-at="2021-02-21T16:37:14 CAT" finished-at="2021-02-21T16:37:14 CAT">
          <reporter-output>
          </reporter-output>
        </test-method> <!-- CompletedTable -->
        <test-method status="PASS" signature="methodLevelSetup()[pri:0, instance:tests.UserLoggedInTest@305fd85d]" name="methodLevelSetup" is-config="true" duration-ms="2" started-at="2021-02-21T16:37:14 CAT" finished-at="2021-02-21T16:37:14 CAT">
          <reporter-output>
          </reporter-output>
        </test-method> <!-- methodLevelSetup -->
        <test-method status="PASS" signature="CurrentTable()[pri:0, instance:tests.UserLoggedInTest@305fd85d]" name="CurrentTable" duration-ms="1" started-at="2021-02-21T16:37:14 CAT" finished-at="2021-02-21T16:37:14 CAT">
          <reporter-output>
          </reporter-output>
        </test-method> <!-- CurrentTable -->
        <test-method status="PASS" signature="methodLevelSetup()[pri:0, instance:tests.UserLoggedInTest@305fd85d]" name="methodLevelSetup" is-config="true" duration-ms="1" started-at="2021-02-21T16:37:14 CAT" finished-at="2021-02-21T16:37:14 CAT">
          <reporter-output>
          </reporter-output>
        </test-method> <!-- methodLevelSetup -->
        <test-method status="PASS" signature="ToBeReviewedTable()[pri:0, instance:tests.UserLoggedInTest@305fd85d]" name="ToBeReviewedTable" duration-ms="2" started-at="2021-02-21T16:37:14 CAT" finished-at="2021-02-21T16:37:14 CAT">
          <reporter-output>
          </reporter-output>
        </test-method> <!-- ToBeReviewedTable -->
      </class> <!-- tests.UserLoggedInTest -->
      <class name="tests.HomePageLoggedOutTest">
        <test-method status="PASS" signature="methodLevelSetup()[pri:0, instance:tests.HomePageLoggedOutTest@1877ab81]" name="methodLevelSetup" is-config="true" duration-ms="24" started-at="2021-02-21T16:37:14 CAT" finished-at="2021-02-21T16:37:14 CAT">
          <reporter-output>
          </reporter-output>
        </test-method> <!-- methodLevelSetup -->
        <test-method status="PASS" signature="DemoTestToBeReviewed()[pri:1, instance:tests.HomePageLoggedOutTest@1877ab81]" name="DemoTestToBeReviewed" duration-ms="29" started-at="2021-02-21T16:37:14 CAT" finished-at="2021-02-21T16:37:14 CAT">
          <reporter-output>
          </reporter-output>
        </test-method> <!-- DemoTestToBeReviewed -->
      </class> <!-- tests.HomePageLoggedOutTest -->
    </test> <!-- Funtional Testing -->
  </suite> <!-- UI Tests -->
</testng-results>
