-------------------------------------------------------------------------------
Test set: TestSuite
-------------------------------------------------------------------------------
Tests run: 6, Failures: 1, Errors: 0, Skipped: 0, Time elapsed: 3.42 s <<< FAILURE! - in TestSuite
tests.loginTest.teardown  Time elapsed: 0.05 s  <<< FAILURE!
java.lang.NullPointerException

