<?xml version="1.0" encoding="UTF-8"?>
<!-- Generated by org.testng.reporters.JUnitXMLReporter -->
<testsuite hostname="VAIO" ignored="0" name="Funtional Testing" tests="15" failures="0" timestamp="2021-04-02T20:08:48 CAT" time="406.57" errors="0">
  <testcase name="TestUserCanLogin" time="8.462" classname="tests.loginTest"/>
  <testcase name="HomePageOpens" time="15.215" classname="tests.HomePageLoggedOutTest"/>
  <testcase name="CompletedTable" time="8.444" classname="tests.UserLoggedInTest"/>
  <testcase name="CurrentTable" time="9.129" classname="tests.UserLoggedInTest"/>
  <testcase name="ToBeReviewedTable" time="8.18" classname="tests.UserLoggedInTest"/>
  <testcase name="ValidateStartSurvey" time="15.141" classname="tests.CurrentSurveyTest"/>
  <testcase name="ValidateSurveyStarted" time="29.805" classname="tests.CurrentSurveyTest"/>
  <testcase name="ValidateNoChangeOnToBeReviewedSurvey" time="17.45" classname="tests.ToBeReviewedTest"/>
  <testcase name="ValidateNonComplianceOnToBeReviewedSurvey" time="17.061" classname="tests.ToBeReviewedTest"/>
  <testcase name="ValidateScoreOnToBeReviewedSurvey" time="21.523" classname="tests.ToBeReviewedTest"/>
  <testcase name="TestEntityExists" time="21.885" classname="tests.SuperUserTest"/>
  <testcase name="TestEntitySettingsExists" time="40.666" classname="tests.SuperUserTest"/>
  <testcase name="TestLoginAsSuperUser" time="3.236" classname="tests.SuperUserTest"/>
  <testcase name="TestResponsibleUserExists" time="19.543" classname="tests.SuperUserTest"/>
  <testcase name="TestResponsibleUserSettingsExists" time="36.815" classname="tests.SuperUserTest"/>
</testsuite> <!-- Funtional Testing -->
